Removed Pin From Net: NetName=5V0 Pin=U5-2
Removed Pin From Net: NetName=GND Pin=U5-3
Removed Pin From Net: NetName=3VCCD Pin=U5-4
Removed Pin From Net: NetName=NetC15_1 Pin=U5-5
Removed Pin From Net: NetName=5V0 Pin=U6-2
Removed Pin From Net: NetName=AGND Pin=U6-3
Removed Pin From Net: NetName=3VCCA Pin=U6-4
Removed Pin From Net: NetName=NetC18_1 Pin=U6-5
Change Component Comment : Designator=U5 Old Comment=TPS79630_KTT_5 New Comment=TPS79630_DRB8
Change Component Comment : Designator=U6 Old Comment=TPS79630_KTT_5 New Comment=TPS79630_DRB8
Added Pin To Net: NetName=3VCCD Pin=U5-3
Added Pin To Net: NetName=3VCCD Pin=U5-3
Added Pin To Net: NetName=5V0 Pin=U5-8
Added Pin To Net: NetName=NetC15_1 Pin=U5-8
Added Pin To Net: NetName=3VCCA Pin=U6-3
Added Pin To Net: NetName=3VCCA Pin=U6-3
Added Pin To Net: NetName=5V0 Pin=U6-8
Added Pin To Net: NetName=NetC18_1 Pin=U6-8
Added Pin To Net: NetName=NetU5_9 Pin=U5-9
Added Pin To Net: NetName=NetU5_9 Pin=U5-V_2
Added Pin To Net: NetName=NetU5_9 Pin=U5-V_3
Added Pin To Net: NetName=NetU5_9 Pin=U5-V_4
Added Pin To Net: NetName=NetU5_9 Pin=U5-V_5
Added Pin To Net: NetName=NetU5_9 Pin=U5-V_6
Added Net: Name=NetU5_9
Added Pin To Net: NetName=NetU6_9 Pin=U6-9
Added Pin To Net: NetName=NetU6_9 Pin=U6-V_2
Added Pin To Net: NetName=NetU6_9 Pin=U6-V_3
Added Pin To Net: NetName=NetU6_9 Pin=U6-V_4
Added Pin To Net: NetName=NetU6_9 Pin=U6-V_5
Added Pin To Net: NetName=NetU6_9 Pin=U6-V_6
Added Net: Name=NetU6_9
